<?xml version="1.0" encoding="UTF-8"?>
<testsuite xmlns:xsi="http://www.w3.org/2001/XMLSchema-instance" xsi:noNamespaceSchemaLocation="https://maven.apache.org/surefire/maven-surefire-plugin/xsd/surefire-test-report.xsd" name="za.co.MyTests.toyrobot.CommandTest" time="0.028" tests="8" errors="0" skipped="0" failures="0">
  <properties>
[...]
</properties>
  <testcase name="executeForward" classname="za.co.MyTests.toyrobot.CommandTest" time="0.001"/>
  <testcase name="executeShutdown" classname="za.co.MyTests.toyrobot.CommandTest" time="0.001"/>
  <testcase name="createCommand" classname="za.co.MyTests.toyrobot.CommandTest" time="0.002"/>
  <testcase name="createInvalidCommand" classname="za.co.MyTests.toyrobot.CommandTest" time="0.008"/>
  <testcase name="executeHelp" classname="za.co.MyTests.toyrobot.CommandTest" time="0.001"/>
  <testcase name="getForwardName" classname="za.co.MyTests.toyrobot.CommandTest" time="0.001"/>
  <testcase name="getHelpName" classname="za.co.MyTests.toyrobot.CommandTest" time="0"/>
  <testcase name="getShutdownName" classname="za.co.MyTests.toyrobot.CommandTest" time="0.003"/>
</testsuite>